modelService.save()
9|master|141006-18:30:55:467|0 ms|statement|SELECT  item_t0.PK  FROM taxes item_t0 WHERE ( item_t0.Code  = ?) AND (item_t0.TypePkString=? )|SELECT  item_t0.PK  FROM taxes item_t0 WHERE ( item_t0.Code  = 'dummyCacheManagementTax') AND (item_t0.TypePkString=8796094627922 )
69|master|141006-18:30:55:485|0 ms|statement|SELECT  item_t0.PK  FROM taxes item_t0 WHERE ( item_t0.Code =?) AND (item_t0.TypePkString=? )|SELECT  item_t0.PK  FROM taxes item_t0 WHERE ( item_t0.Code ='dummyCacheManagementTax') AND (item_t0.TypePkString=8796094627922 )
69|master|141006-18:30:55:490|0 ms|statement|INSERT INTO taxes ( hjmpTS,PK,createdTS,modifiedTS,TypePkString,Code ) VALUES (?,?,?,?,?,?)|INSERT INTO taxes ( hjmpTS,PK,createdTS,modifiedTS,TypePkString,Code ) VALUES (0,8796453503023,'2014-10-06 18:30:55.489','2014-10-06 18:30:55.489',8796094627922,'dummyCacheManagementTax')
69|master|141006-18:30:55:495|0 ms|statement|UPDATE taxes SET hjmpTS = ? ,modifiedTS=?,Value=? WHERE PK = ? |UPDATE taxes SET hjmpTS = 1 ,modifiedTS='2014-10-06 18:30:55.494',Value='33.0' WHERE PK = 8796453503023 
69|master|141006-18:30:55:496|1 ms|commit||
?
69|master|141006-18:30:55:503|0 ms|statement|SELECT * FROM taxes WHERE PK=?|SELECT * FROM taxes WHERE PK=8796453503023
sql script
69|master|141006-18:30:55:510|1 ms|statement|update taxes set value = 11 where code = 'dummyCacheManagementTax'|
findTaxes
69|master|141006-18:30:55:630|0 ms|statement|SELECT  item_t0.PK  FROM taxes item_t0 WHERE ( item_t0.Code =?) AND (item_t0.TypePkString=? ) order by  item_t0.createdTS  DESC|SELECT  item_t0.PK  FROM taxes item_t0 WHERE ( item_t0.Code ='dummyCacheManagementTax') AND (item_t0.TypePkString=8796094627922 ) order by  item_t0.createdTS  DESC
loadModel
69|master|141006-18:30:55:631|0 ms|statement|SELECT * FROM taxes WHERE PK=?|SELECT * FROM taxes WHERE PK=8796453503023
69|master|141006-18:30:57:726|0 ms|commit||
?
69|master|141006-18:30:57:747|0 ms|statement|DELETE FROM taxes WHERE PK = ?|DELETE FROM taxes WHERE PK = 8796453503023
?
30|master|141006-18:31:10:316|0 ms|commit||
?
76|master|141006-18:31:51:657|0 ms|statement|SELECT * FROM taxes item_t0 WHERE (item_t0.TypePkString=? )|SELECT * FROM taxes item_t0 WHERE (item_t0.TypePkString=8796094627922 )
77|master|141006-18:31:52:611|0 ms|statement|SELECT * FROM taxes item_t0 WHERE (item_t0.TypePkString=? )|SELECT * FROM taxes item_t0 WHERE (item_t0.TypePkString=8796094627922 )
